<?xml version="1.0" encoding="UTF-8"?>
<testng-results skipped="0" failed="0" ignored="0" total="1" passed="1">
  <reporter-output>
  </reporter-output>
  <suite name="Default suite" duration-ms="4113" started-at="2022-03-07T15:57:09 CST" finished-at="2022-03-07T15:57:13 CST">
    <groups>
    </groups>
    <test name="Default test" duration-ms="4113" started-at="2022-03-07T15:57:09 CST" finished-at="2022-03-07T15:57:13 CST">
      <class name="test.LoginTest">
        <test-method status="PASS" signature="usershouldbeabletoaddcategory()[pri:0, instance:test.LoginTest@15d0c81b]" name="usershouldbeabletoaddcategory" duration-ms="4066" started-at="2022-03-07T15:57:09 CST" finished-at="2022-03-07T15:57:13 CST">
          <reporter-output>
          </reporter-output>
        </test-method> <!-- usershouldbeabletoaddcategory -->
      </class> <!-- test.LoginTest -->
    </test> <!-- Default test -->
  </suite> <!-- Default suite -->
</testng-results>
